SF:lib\src\ht_preferences_repository.dart
DA:23,1
DA:37,1
DA:39,2
DA:40,1
DA:42,1
DA:46,1
DA:47,1
DA:55,1
DA:57,2
DA:58,1
DA:62,1
DA:63,1
DA:72,1
DA:74,2
DA:75,1
DA:77,1
DA:80,1
DA:81,1
DA:89,1
DA:91,2
DA:92,1
DA:95,0
DA:96,0
DA:105,1
DA:107,2
DA:108,1
DA:110,1
DA:113,1
DA:114,1
DA:122,1
DA:124,2
DA:125,1
DA:128,0
DA:129,0
DA:139,1
DA:141,2
DA:142,1
DA:144,1
DA:147,1
DA:148,1
DA:160,1
DA:167,2
DA:168,1
DA:171,1
DA:172,1
DA:181,1
DA:183,2
DA:184,1
DA:187,1
DA:188,1
DA:197,1
DA:199,2
DA:200,1
DA:202,0
DA:205,0
DA:206,0
DA:214,1
DA:216,2
DA:217,1
DA:220,0
DA:221,0
DA:230,1
DA:232,2
DA:233,1
DA:235,0
DA:238,0
DA:239,0
DA:247,1
DA:249,2
DA:250,1
DA:253,0
DA:254,0
DA:263,1
DA:265,2
DA:266,1
DA:268,0
DA:271,0
DA:272,0
DA:280,1
DA:282,2
DA:283,1
DA:286,0
DA:287,0
DA:297,1
DA:299,2
DA:300,1
DA:302,1
DA:303,1
DA:306,1
DA:307,1
DA:320,1
DA:324,2
DA:325,1
DA:326,1
DA:327,1
DA:330,0
DA:331,0
DA:336,1
DA:338,5
DA:341,2
DA:344,1
DA:345,3
DA:346,1
DA:347,2
DA:353,2
DA:356,2
DA:360,3
DA:366,1
DA:369,0
DA:370,0
DA:380,1
DA:382,2
DA:383,1
DA:386,0
DA:387,0
DA:396,1
DA:398,2
DA:399,1
DA:401,0
DA:404,0
DA:405,0
DA:413,1
DA:415,2
DA:416,1
DA:419,0
DA:420,0
DA:429,1
DA:431,2
DA:432,1
DA:434,0
DA:437,0
DA:438,0
DA:446,1
DA:448,2
DA:449,1
DA:452,0
DA:453,0
LF:137
LH:102
end_of_record
