SF:lib\src\ht_preferences_repository.dart
DA:23,1
DA:37,1
DA:39,2
DA:40,1
DA:42,1
DA:46,1
DA:47,1
DA:55,1
DA:57,2
DA:58,1
DA:62,1
DA:63,1
DA:72,1
DA:74,2
DA:75,1
DA:77,1
DA:80,1
DA:81,1
DA:89,1
DA:91,2
DA:92,1
DA:95,1
DA:96,1
DA:105,1
DA:107,2
DA:108,1
DA:110,1
DA:113,1
DA:114,1
DA:122,1
DA:124,2
DA:125,1
DA:128,1
DA:129,1
DA:139,1
DA:141,2
DA:142,1
DA:144,1
DA:147,1
DA:148,1
DA:160,1
DA:167,2
DA:168,1
DA:171,1
DA:172,1
DA:181,1
DA:183,2
DA:184,1
DA:187,1
DA:188,1
DA:197,1
DA:199,2
DA:200,1
DA:202,1
DA:205,1
DA:206,1
DA:214,1
DA:216,2
DA:217,1
DA:220,1
DA:221,1
DA:230,1
DA:232,2
DA:233,1
DA:235,1
DA:238,1
DA:239,1
DA:247,1
DA:249,2
DA:250,1
DA:253,1
DA:254,1
DA:263,1
DA:265,2
DA:266,1
DA:268,1
DA:271,1
DA:272,1
DA:280,1
DA:282,2
DA:283,1
DA:286,1
DA:287,1
DA:297,1
DA:299,2
DA:300,1
DA:302,1
DA:305,1
DA:306,1
DA:319,1
DA:323,2
DA:324,1
DA:325,1
DA:326,1
DA:329,1
DA:330,1
DA:335,1
DA:337,5
DA:340,2
DA:343,1
DA:344,3
DA:345,1
DA:346,2
DA:352,2
DA:355,2
DA:359,3
DA:368,1
DA:371,1
DA:372,1
DA:382,1
DA:384,2
DA:385,1
DA:388,1
DA:389,1
DA:398,1
DA:400,2
DA:401,1
DA:403,0
DA:406,0
DA:407,0
DA:415,1
DA:417,2
DA:418,1
DA:421,0
DA:422,0
DA:431,1
DA:433,2
DA:434,1
DA:436,0
DA:439,0
DA:440,0
DA:448,1
DA:450,2
DA:451,1
DA:454,0
DA:455,0
LF:136
LH:126
end_of_record
